# JRE version: OpenJDK Runtime Environment (21.0.3) (build 21.0.3+-12282718-b509.11)
# Java VM: OpenJDK 64-Bit Server VM (21.0.3+-12282718-b509.11, mixed mode, tiered, compressed oops, compressed class ptrs, g1 gc, windows-amd64)
GC Precious Log:
 CardTable entry size: 512
 Card Set container configuration: InlinePtr #cards 5 size 8 Array Of Cards #cards 12 size 40 Howl #buckets 4 coarsen threshold 1843 Howl Bitmap #cards 512 size 80 coarsen threshold 460 Card regions per heap region 1 cards per card region 2048
 CPUs: 12 total, 12 available
 Memory: 16264M
 Large Page Support: Disabled
 NUMA Support: Disabled
 Compressed Oops: Enabled (32-bit)
 Heap Region Size: 1M
 Heap Min Capacity: 8M
 Heap Initial Capacity: 256M
 Heap Max Capacity: 1536M
 Pre-touch: Disabled
 Parallel Workers: 10
 Concurrent Workers: 3
 Concurrent Refinement Workers: 10
 Periodic GC: Disabled
Heap:
 garbage-first heap   total 167936K, used 123265K [0x00000000a0000000, 0x0000000100000000)
  region size 1024K, 26 young (26624K), 5 survivors (5120K)
 Metaspace       used 103141K, committed 105216K, reserved 1179648K
  class space    used 13998K, committed 15040K, reserved 1048576K
GC Heap History (20 events):
Event: 5.750 GC heap before
{Heap before GC invocations=22 (full 0):
 garbage-first heap   total 137216K, used 110842K [0x00000000a0000000, 0x0000000100000000)
  region size 1024K, 42 young (43008K), 4 survivors (4096K)
 Metaspace       used 80294K, committed 82048K, reserved 1179648K
  class space    used 10778K, committed 11648K, reserved 1048576K
}
Event: 5.755 GC heap after
{Heap after GC invocations=23 (full 0):
 garbage-first heap   total 137216K, used 74042K [0x00000000a0000000, 0x0000000100000000)
  region size 1024K, 6 young (6144K), 6 survivors (6144K)
 Metaspace       used 80294K, committed 82048K, reserved 1179648K
  class space    used 10778K, committed 11648K, reserved 1048576K
}
Event: 5.939 GC heap before
{Heap before GC invocations=23 (full 0):
 garbage-first heap   total 137216K, used 112954K [0x00000000a0000000, 0x0000000100000000)
  region size 1024K, 44 young (45056K), 6 survivors (6144K)
 Metaspace       used 81603K, committed 83328K, reserved 1179648K
  class space    used 10934K, committed 11776K, reserved 1048576K
}
Event: 5.943 GC heap after
{Heap after GC invocations=24 (full 0):
 garbage-first heap   total 137216K, used 77231K [0x00000000a0000000, 0x0000000100000000)
  region size 1024K, 6 young (6144K), 6 survivors (6144K)
 Metaspace       used 81603K, committed 83328K, reserved 1179648K
  class space    used 10934K, committed 11776K, reserved 1048576K
}
Event: 6.188 GC heap before
{Heap before GC invocations=25 (full 0):
 garbage-first heap   total 137216K, used 118191K [0x00000000a0000000, 0x0000000100000000)
  region size 1024K, 45 young (46080K), 6 survivors (6144K)
 Metaspace       used 84590K, committed 86464K, reserved 1179648K
  class space    used 11379K, committed 12288K, reserved 1048576K
}
Event: 6.192 GC heap after
{Heap after GC invocations=26 (full 0):
 garbage-first heap   total 137216K, used 78493K [0x00000000a0000000, 0x0000000100000000)
  region size 1024K, 5 young (5120K), 5 survivors (5120K)
 Metaspace       used 84590K, committed 86464K, reserved 1179648K
  class space    used 11379K, committed 12288K, reserved 1048576K
}
Event: 6.425 GC heap before
{Heap before GC invocations=26 (full 0):
 garbage-first heap   total 137216K, used 119453K [0x00000000a0000000, 0x0000000100000000)
  region size 1024K, 45 young (46080K), 5 survivors (5120K)
 Metaspace       used 87967K, committed 89856K, reserved 1179648K
  class space    used 11998K, committed 12928K, reserved 1048576K
}
Event: 6.428 GC heap after
{Heap after GC invocations=27 (full 0):
 garbage-first heap   total 164864K, used 79902K [0x00000000a0000000, 0x0000000100000000)
  region size 1024K, 4 young (4096K), 4 survivors (4096K)
 Metaspace       used 87967K, committed 89856K, reserved 1179648K
  class space    used 11998K, committed 12928K, reserved 1048576K
}
Event: 6.843 GC heap before
{Heap before GC invocations=27 (full 0):
 garbage-first heap   total 164864K, used 141342K [0x00000000a0000000, 0x0000000100000000)
  region size 1024K, 64 young (65536K), 4 survivors (4096K)
 Metaspace       used 92905K, committed 94848K, reserved 1179648K
  class space    used 12691K, committed 13632K, reserved 1048576K
}
Event: 6.847 GC heap after
{Heap after GC invocations=28 (full 0):
 garbage-first heap   total 164864K, used 83527K [0x00000000a0000000, 0x0000000100000000)
  region size 1024K, 7 young (7168K), 7 survivors (7168K)
 Metaspace       used 92905K, committed 94848K, reserved 1179648K
  class space    used 12691K, committed 13632K, reserved 1048576K
}
Event: 7.244 GC heap before
{Heap before GC invocations=28 (full 0):
 garbage-first heap   total 164864K, used 144967K [0x00000000a0000000, 0x0000000100000000)
  region size 1024K, 67 young (68608K), 7 survivors (7168K)
 Metaspace       used 98144K, committed 100160K, reserved 1179648K
  class space    used 13427K, committed 14400K, reserved 1048576K
}
Event: 7.250 GC heap after
{Heap after GC invocations=29 (full 0):
 garbage-first heap   total 164864K, used 87318K [0x00000000a0000000, 0x0000000100000000)
  region size 1024K, 8 young (8192K), 8 survivors (8192K)
 Metaspace       used 98144K, committed 100160K, reserved 1179648K
  class space    used 13427K, committed 14400K, reserved 1048576K
}
Event: 7.416 GC heap before
{Heap before GC invocations=29 (full 0):
 garbage-first heap   total 164864K, used 107798K [0x00000000a0000000, 0x0000000100000000)
  region size 1024K, 30 young (30720K), 8 survivors (8192K)
 Metaspace       used 99580K, committed 101568K, reserved 1179648K
  class space    used 13556K, committed 14528K, reserved 1048576K
}
Event: 7.422 GC heap after
{Heap after GC invocations=30 (full 0):
 garbage-first heap   total 164864K, used 92210K [0x00000000a0000000, 0x0000000100000000)
  region size 1024K, 9 young (9216K), 9 survivors (9216K)
 Metaspace       used 99580K, committed 101568K, reserved 1179648K
  class space    used 13556K, committed 14528K, reserved 1048576K
}
Event: 7.719 GC heap before
{Heap before GC invocations=31 (full 0):
 garbage-first heap   total 167936K, used 150578K [0x00000000a0000000, 0x0000000100000000)
  region size 1024K, 61 young (62464K), 9 survivors (9216K)
 Metaspace       used 102455K, committed 104512K, reserved 1179648K
  class space    used 13882K, committed 14912K, reserved 1048576K
}
Event: 7.726 GC heap after
{Heap after GC invocations=32 (full 0):
 garbage-first heap   total 167936K, used 97175K [0x00000000a0000000, 0x0000000100000000)
  region size 1024K, 8 young (8192K), 8 survivors (8192K)
 Metaspace       used 102455K, committed 104512K, reserved 1179648K
  class space    used 13882K, committed 14912K, reserved 1048576K
}
Event: 7.886 GC heap before
{Heap before GC invocations=32 (full 0):
 garbage-first heap   total 167936K, used 150423K [0x00000000a0000000, 0x0000000100000000)
  region size 1024K, 60 young (61440K), 8 survivors (8192K)
 Metaspace       used 102985K, committed 105024K, reserved 1179648K
  class space    used 13984K, committed 15040K, reserved 1048576K
}
Event: 7.891 GC heap after
{Heap after GC invocations=33 (full 0):
 garbage-first heap   total 167936K, used 100378K [0x00000000a0000000, 0x0000000100000000)
  region size 1024K, 6 young (6144K), 6 survivors (6144K)
 Metaspace       used 102985K, committed 105024K, reserved 1179648K
  class space    used 13984K, committed 15040K, reserved 1048576K
}
Event: 8.029 GC heap before
{Heap before GC invocations=33 (full 0):
 garbage-first heap   total 167936K, used 149530K [0x00000000a0000000, 0x0000000100000000)
  region size 1024K, 55 young (56320K), 6 survivors (6144K)
 Metaspace       used 103134K, committed 105216K, reserved 1179648K
  class space    used 13998K, committed 15040K, reserved 1048576K
}
Event: 8.033 GC heap after
{Heap after GC invocations=34 (full 0):
 garbage-first heap   total 167936K, used 102785K [0x00000000a0000000, 0x0000000100000000)
  region size 1024K, 5 young (5120K), 5 survivors (5120K)
 Metaspace       used 103134K, committed 105216K, reserved 1179648K
  class space    used 13998K, committed 15040K, reserved 1048576K
}

