# JRE version: OpenJDK Runtime Environment (21.0.3) (build 21.0.3+-12282718-b509.11)
# Java VM: OpenJDK 64-Bit Server VM (21.0.3+-12282718-b509.11, mixed mode, tiered, compressed oops, compressed class ptrs, g1 gc, windows-amd64)
GC Precious Log:
 CardTable entry size: 512
 Card Set container configuration: InlinePtr #cards 5 size 8 Array Of Cards #cards 12 size 40 Howl #buckets 4 coarsen threshold 1843 Howl Bitmap #cards 512 size 80 coarsen threshold 460 Card regions per heap region 1 cards per card region 2048
 CPUs: 12 total, 12 available
 Memory: 16264M
 Large Page Support: Disabled
 NUMA Support: Disabled
 Compressed Oops: Enabled (32-bit)
 Heap Region Size: 1M
 Heap Min Capacity: 8M
 Heap Initial Capacity: 256M
 Heap Max Capacity: 2G
 Pre-touch: Disabled
 Parallel Workers: 10
 Concurrent Workers: 3
 Concurrent Refinement Workers: 10
 Periodic GC: Disabled
Heap:
 garbage-first heap   total 249856K, used 156827K [0x0000000080000000, 0x0000000100000000)
  region size 1024K, 23 young (23552K), 5 survivors (5120K)
 Metaspace       used 141930K, committed 144192K, reserved 1179648K
  class space    used 19148K, committed 20288K, reserved 1048576K
GC Heap History (20 events):
Event: 7.274 GC heap before
{Heap before GC invocations=29 (full 0):
 garbage-first heap   total 168960K, used 153511K [0x0000000080000000, 0x0000000100000000)
  region size 1024K, 67 young (68608K), 10 survivors (10240K)
 Metaspace       used 102263K, committed 104320K, reserved 1179648K
  class space    used 13879K, committed 14912K, reserved 1048576K
}
Event: 7.282 GC heap after
{Heap after GC invocations=30 (full 0):
 garbage-first heap   total 174080K, used 97909K [0x0000000080000000, 0x0000000100000000)
  region size 1024K, 7 young (7168K), 7 survivors (7168K)
 Metaspace       used 102263K, committed 104320K, reserved 1179648K
  class space    used 13879K, committed 14912K, reserved 1048576K
}
Event: 7.452 GC heap before
{Heap before GC invocations=30 (full 0):
 garbage-first heap   total 174080K, used 155253K [0x0000000080000000, 0x0000000100000000)
  region size 1024K, 64 young (65536K), 7 survivors (7168K)
 Metaspace       used 102820K, committed 104896K, reserved 1179648K
  class space    used 13981K, committed 15040K, reserved 1048576K
}
Event: 7.457 GC heap after
{Heap after GC invocations=31 (full 0):
 garbage-first heap   total 208896K, used 100937K [0x0000000080000000, 0x0000000100000000)
  region size 1024K, 6 young (6144K), 6 survivors (6144K)
 Metaspace       used 102820K, committed 104896K, reserved 1179648K
  class space    used 13981K, committed 15040K, reserved 1048576K
}
Event: 7.724 GC heap before
{Heap before GC invocations=32 (full 0):
 garbage-first heap   total 208896K, used 182857K [0x0000000080000000, 0x0000000100000000)
  region size 1024K, 87 young (89088K), 6 survivors (6144K)
 Metaspace       used 103177K, committed 105216K, reserved 1179648K
  class space    used 14023K, committed 15040K, reserved 1048576K
}
Event: 7.730 GC heap after
{Heap after GC invocations=33 (full 0):
 garbage-first heap   total 208896K, used 104439K [0x0000000080000000, 0x0000000100000000)
  region size 1024K, 9 young (9216K), 9 survivors (9216K)
 Metaspace       used 103177K, committed 105216K, reserved 1179648K
  class space    used 14023K, committed 15040K, reserved 1048576K
}
Event: 8.030 GC heap before
{Heap before GC invocations=33 (full 0):
 garbage-first heap   total 208896K, used 185335K [0x0000000080000000, 0x0000000100000000)
  region size 1024K, 89 young (91136K), 9 survivors (9216K)
 Metaspace       used 105777K, committed 107904K, reserved 1179648K
  class space    used 14387K, committed 15424K, reserved 1048576K
}
Event: 8.037 GC heap after
{Heap after GC invocations=34 (full 0):
 garbage-first heap   total 208896K, used 105027K [0x0000000080000000, 0x0000000100000000)
  region size 1024K, 9 young (9216K), 9 survivors (9216K)
 Metaspace       used 105777K, committed 107904K, reserved 1179648K
  class space    used 14387K, committed 15424K, reserved 1048576K
}
Event: 8.306 GC heap before
{Heap before GC invocations=34 (full 0):
 garbage-first heap   total 208896K, used 139843K [0x0000000080000000, 0x0000000100000000)
  region size 1024K, 45 young (46080K), 9 survivors (9216K)
 Metaspace       used 109351K, committed 111424K, reserved 1179648K
  class space    used 14843K, committed 15872K, reserved 1048576K
}
Event: 8.312 GC heap after
{Heap after GC invocations=35 (full 0):
 garbage-first heap   total 208896K, used 109402K [0x0000000080000000, 0x0000000100000000)
  region size 1024K, 10 young (10240K), 10 survivors (10240K)
 Metaspace       used 109351K, committed 111424K, reserved 1179648K
  class space    used 14843K, committed 15872K, reserved 1048576K
}
Event: 11.164 GC heap before
{Heap before GC invocations=36 (full 0):
 garbage-first heap   total 214016K, used 211802K [0x0000000080000000, 0x0000000100000000)
  region size 1024K, 71 young (72704K), 10 survivors (10240K)
 Metaspace       used 117271K, committed 119424K, reserved 1179648K
  class space    used 15655K, committed 16768K, reserved 1048576K
}
Event: 11.169 GC heap after
{Heap after GC invocations=37 (full 0):
 garbage-first heap   total 224256K, used 110288K [0x0000000080000000, 0x0000000100000000)
  region size 1024K, 5 young (5120K), 5 survivors (5120K)
 Metaspace       used 117271K, committed 119424K, reserved 1179648K
  class space    used 15655K, committed 16768K, reserved 1048576K
}
Event: 75.283 GC heap before
{Heap before GC invocations=37 (full 0):
 garbage-first heap   total 224256K, used 205520K [0x0000000080000000, 0x0000000100000000)
  region size 1024K, 99 young (101376K), 5 survivors (5120K)
 Metaspace       used 118503K, committed 120704K, reserved 1179648K
  class space    used 15753K, committed 16832K, reserved 1048576K
}
Event: 75.296 GC heap after
{Heap after GC invocations=38 (full 0):
 garbage-first heap   total 225280K, used 122644K [0x0000000080000000, 0x0000000100000000)
  region size 1024K, 13 young (13312K), 13 survivors (13312K)
 Metaspace       used 118503K, committed 120704K, reserved 1179648K
  class space    used 15753K, committed 16832K, reserved 1048576K
}
Event: 75.926 GC heap before
{Heap before GC invocations=38 (full 0):
 garbage-first heap   total 225280K, used 205588K [0x0000000080000000, 0x0000000100000000)
  region size 1024K, 89 young (91136K), 13 survivors (13312K)
 Metaspace       used 126576K, committed 128704K, reserved 1179648K
  class space    used 16804K, committed 17856K, reserved 1048576K
}
Event: 75.940 GC heap after
{Heap after GC invocations=39 (full 0):
 garbage-first heap   total 235520K, used 140288K [0x0000000080000000, 0x0000000100000000)
  region size 1024K, 12 young (12288K), 12 survivors (12288K)
 Metaspace       used 126576K, committed 128704K, reserved 1179648K
  class space    used 16804K, committed 17856K, reserved 1048576K
}
Event: 76.426 GC heap before
{Heap before GC invocations=39 (full 0):
 garbage-first heap   total 235520K, used 209920K [0x0000000080000000, 0x0000000100000000)
  region size 1024K, 81 young (82944K), 12 survivors (12288K)
 Metaspace       used 133435K, committed 135680K, reserved 1179648K
  class space    used 17744K, committed 18816K, reserved 1048576K
}
Event: 76.431 GC heap after
{Heap after GC invocations=40 (full 0):
 garbage-first heap   total 235520K, used 138633K [0x0000000080000000, 0x0000000100000000)
  region size 1024K, 4 young (4096K), 4 survivors (4096K)
 Metaspace       used 133435K, committed 135680K, reserved 1179648K
  class space    used 17744K, committed 18816K, reserved 1048576K
}
Event: 77.001 GC heap before
{Heap before GC invocations=41 (full 0):
 garbage-first heap   total 249856K, used 237961K [0x0000000080000000, 0x0000000100000000)
  region size 1024K, 75 young (76800K), 4 survivors (4096K)
 Metaspace       used 141803K, committed 144064K, reserved 1179648K
  class space    used 19146K, committed 20288K, reserved 1048576K
}
Event: 77.004 GC heap after
{Heap after GC invocations=42 (full 0):
 garbage-first heap   total 249856K, used 139419K [0x0000000080000000, 0x0000000100000000)
  region size 1024K, 5 young (5120K), 5 survivors (5120K)
 Metaspace       used 141803K, committed 144064K, reserved 1179648K
  class space    used 19146K, committed 20288K, reserved 1048576K
}

