# JRE version: OpenJDK Runtime Environment (21.0.3) (build 21.0.3+-12282718-b509.11)
# Java VM: OpenJDK 64-Bit Server VM (21.0.3+-12282718-b509.11, mixed mode, tiered, compressed oops, compressed class ptrs, g1 gc, windows-amd64)
GC Precious Log:
 CardTable entry size: 512
 Card Set container configuration: InlinePtr #cards 5 size 8 Array Of Cards #cards 12 size 40 Howl #buckets 4 coarsen threshold 1843 Howl Bitmap #cards 512 size 80 coarsen threshold 460 Card regions per heap region 1 cards per card region 2048
 CPUs: 12 total, 12 available
 Memory: 16264M
 Large Page Support: Disabled
 NUMA Support: Disabled
 Compressed Oops: Enabled (32-bit)
 Heap Region Size: 1M
 Heap Min Capacity: 8M
 Heap Initial Capacity: 256M
 Heap Max Capacity: 2G
 Pre-touch: Disabled
 Parallel Workers: 10
 Concurrent Workers: 3
 Concurrent Refinement Workers: 10
 Periodic GC: Disabled
Heap:
 garbage-first heap   total 271360K, used 183074K [0x0000000080000000, 0x0000000100000000)
  region size 1024K, 9 young (9216K), 6 survivors (6144K)
 Metaspace       used 150933K, committed 153472K, reserved 1245184K
  class space    used 20812K, committed 22016K, reserved 1048576K
GC Heap History (20 events):
Event: 8.464 GC heap before
{Heap before GC invocations=32 (full 0):
 garbage-first heap   total 188416K, used 154271K [0x0000000080000000, 0x0000000100000000)
  region size 1024K, 58 young (59392K), 6 survivors (6144K)
 Metaspace       used 103770K, committed 105792K, reserved 1179648K
  class space    used 14123K, committed 15168K, reserved 1048576K
}
Event: 8.469 GC heap after
{Heap after GC invocations=33 (full 0):
 garbage-first heap   total 188416K, used 103766K [0x0000000080000000, 0x0000000100000000)
  region size 1024K, 5 young (5120K), 5 survivors (5120K)
 Metaspace       used 103770K, committed 105792K, reserved 1179648K
  class space    used 14123K, committed 15168K, reserved 1048576K
}
Event: 8.586 GC heap before
{Heap before GC invocations=33 (full 0):
 garbage-first heap   total 188416K, used 169302K [0x0000000080000000, 0x0000000100000000)
  region size 1024K, 70 young (71680K), 5 survivors (5120K)
 Metaspace       used 105622K, committed 107648K, reserved 1179648K
  class space    used 14377K, committed 15424K, reserved 1048576K
}
Event: 8.591 GC heap after
{Heap after GC invocations=34 (full 0):
 garbage-first heap   total 188416K, used 104162K [0x0000000080000000, 0x0000000100000000)
  region size 1024K, 7 young (7168K), 7 survivors (7168K)
 Metaspace       used 105622K, committed 107648K, reserved 1179648K
  class space    used 14377K, committed 15424K, reserved 1048576K
}
Event: 10.195 GC heap before
{Heap before GC invocations=34 (full 0):
 garbage-first heap   total 188416K, used 169698K [0x0000000080000000, 0x0000000100000000)
  region size 1024K, 72 young (73728K), 7 survivors (7168K)
 Metaspace       used 109052K, committed 111104K, reserved 1179648K
  class space    used 14796K, committed 15808K, reserved 1048576K
}
Event: 10.203 GC heap after
{Heap after GC invocations=35 (full 0):
 garbage-first heap   total 239616K, used 111324K [0x0000000080000000, 0x0000000100000000)
  region size 1024K, 9 young (9216K), 9 survivors (9216K)
 Metaspace       used 109052K, committed 111104K, reserved 1179648K
  class space    used 14796K, committed 15808K, reserved 1048576K
}
Event: 10.988 GC heap before
{Heap before GC invocations=36 (full 0):
 garbage-first heap   total 239616K, used 217820K [0x0000000080000000, 0x0000000100000000)
  region size 1024K, 110 young (112640K), 9 survivors (9216K)
 Metaspace       used 116977K, committed 119168K, reserved 1179648K
  class space    used 15856K, committed 16960K, reserved 1048576K
}
Event: 10.999 GC heap after
{Heap after GC invocations=37 (full 0):
 garbage-first heap   total 240640K, used 125157K [0x0000000080000000, 0x0000000100000000)
  region size 1024K, 14 young (14336K), 14 survivors (14336K)
 Metaspace       used 116977K, committed 119168K, reserved 1179648K
  class space    used 15856K, committed 16960K, reserved 1048576K
}
Event: 11.783 GC heap before
{Heap before GC invocations=37 (full 0):
 garbage-first heap   total 240640K, used 214245K [0x0000000080000000, 0x0000000100000000)
  region size 1024K, 98 young (100352K), 14 survivors (14336K)
 Metaspace       used 122152K, committed 124352K, reserved 1179648K
  class space    used 16506K, committed 17600K, reserved 1048576K
}
Event: 11.794 GC heap after
{Heap after GC invocations=38 (full 0):
 garbage-first heap   total 240640K, used 126889K [0x0000000080000000, 0x0000000100000000)
  region size 1024K, 4 young (4096K), 4 survivors (4096K)
 Metaspace       used 122152K, committed 124352K, reserved 1179648K
  class space    used 16506K, committed 17600K, reserved 1048576K
}
Event: 12.330 GC heap before
{Heap before GC invocations=38 (full 0):
 garbage-first heap   total 240640K, used 213929K [0x0000000080000000, 0x0000000100000000)
  region size 1024K, 90 young (92160K), 4 survivors (4096K)
 Metaspace       used 132186K, committed 134400K, reserved 1179648K
  class space    used 18262K, committed 19392K, reserved 1048576K
}
Event: 12.341 GC heap after
{Heap after GC invocations=39 (full 0):
 garbage-first heap   total 240640K, used 132604K [0x0000000080000000, 0x0000000100000000)
  region size 1024K, 12 young (12288K), 12 survivors (12288K)
 Metaspace       used 132186K, committed 134400K, reserved 1179648K
  class space    used 18262K, committed 19392K, reserved 1048576K
}
Event: 12.658 GC heap before
{Heap before GC invocations=40 (full 0):
 garbage-first heap   total 240640K, used 213500K [0x0000000080000000, 0x0000000100000000)
  region size 1024K, 92 young (94208K), 12 survivors (12288K)
 Metaspace       used 138624K, committed 140864K, reserved 1179648K
  class space    used 19334K, committed 20480K, reserved 1048576K
}
Event: 12.662 GC heap after
{Heap after GC invocations=41 (full 0):
 garbage-first heap   total 240640K, used 129858K [0x0000000080000000, 0x0000000100000000)
  region size 1024K, 3 young (3072K), 3 survivors (3072K)
 Metaspace       used 138624K, committed 140864K, reserved 1179648K
  class space    used 19334K, committed 20480K, reserved 1048576K
}
Event: 13.228 GC heap before
{Heap before GC invocations=41 (full 0):
 garbage-first heap   total 240640K, used 238402K [0x0000000080000000, 0x0000000100000000)
  region size 1024K, 80 young (81920K), 3 survivors (3072K)
 Metaspace       used 143499K, committed 145728K, reserved 1179648K
  class space    used 20150K, committed 21248K, reserved 1048576K
}
Event: 13.234 GC heap after
{Heap after GC invocations=42 (full 0):
 garbage-first heap   total 245760K, used 128067K [0x0000000080000000, 0x0000000100000000)
  region size 1024K, 3 young (3072K), 3 survivors (3072K)
 Metaspace       used 143499K, committed 145728K, reserved 1179648K
  class space    used 20150K, committed 21248K, reserved 1048576K
}
Event: 72.931 GC heap before
{Heap before GC invocations=42 (full 0):
 garbage-first heap   total 245760K, used 223299K [0x0000000080000000, 0x0000000100000000)
  region size 1024K, 97 young (99328K), 3 survivors (3072K)
 Metaspace       used 150958K, committed 153280K, reserved 1245184K
  class space    used 20839K, committed 22016K, reserved 1048576K
}
Event: 72.938 GC heap after
{Heap after GC invocations=43 (full 0):
 garbage-first heap   total 245760K, used 134258K [0x0000000080000000, 0x0000000100000000)
  region size 1024K, 9 young (9216K), 9 survivors (9216K)
 Metaspace       used 150958K, committed 153280K, reserved 1245184K
  class space    used 20839K, committed 22016K, reserved 1048576K
}
Event: 73.225 GC heap before
{Heap before GC invocations=43 (full 0):
 garbage-first heap   total 245760K, used 176242K [0x0000000080000000, 0x0000000100000000)
  region size 1024K, 52 young (53248K), 9 survivors (9216K)
 Metaspace       used 151265K, committed 153536K, reserved 1245184K
  class space    used 20849K, committed 22016K, reserved 1048576K
}
Event: 73.233 GC heap after
{Heap after GC invocations=44 (full 0):
 garbage-first heap   total 245760K, used 140066K [0x0000000080000000, 0x0000000100000000)
  region size 1024K, 6 young (6144K), 6 survivors (6144K)
 Metaspace       used 151265K, committed 153536K, reserved 1245184K
  class space    used 20849K, committed 22016K, reserved 1048576K
}

