# JRE version: OpenJDK Runtime Environment (21.0.3) (build 21.0.3+-12282718-b509.11)
# Java VM: OpenJDK 64-Bit Server VM (21.0.3+-12282718-b509.11, mixed mode, tiered, compressed oops, compressed class ptrs, g1 gc, windows-amd64)
GC Precious Log:
 CardTable entry size: 512
 Card Set container configuration: InlinePtr #cards 5 size 8 Array Of Cards #cards 12 size 40 Howl #buckets 4 coarsen threshold 1843 Howl Bitmap #cards 512 size 80 coarsen threshold 460 Card regions per heap region 1 cards per card region 2048
 CPUs: 12 total, 12 available
 Memory: 16264M
 Large Page Support: Disabled
 NUMA Support: Disabled
 Compressed Oops: Enabled (32-bit)
 Heap Region Size: 1M
 Heap Min Capacity: 8M
 Heap Initial Capacity: 256M
 Heap Max Capacity: 2G
 Pre-touch: Disabled
 Parallel Workers: 10
 Concurrent Workers: 3
 Concurrent Refinement Workers: 10
 Periodic GC: Disabled
Heap:
 garbage-first heap   total 244736K, used 229998K [0x0000000080000000, 0x0000000100000000)
  region size 1024K, 94 young (96256K), 11 survivors (11264K)
 Metaspace       used 105248K, committed 107392K, reserved 1179648K
  class space    used 14179K, committed 15232K, reserved 1048576K
GC Heap History (20 events):
Event: 4.666 GC heap after
{Heap after GC invocations=18 (full 0):
 garbage-first heap   total 155648K, used 88007K [0x0000000080000000, 0x0000000100000000)
  region size 1024K, 7 young (7168K), 7 survivors (7168K)
 Metaspace       used 67990K, committed 69824K, reserved 1114112K
  class space    used 9365K, committed 10304K, reserved 1048576K
}
Event: 4.738 GC heap before
{Heap before GC invocations=18 (full 0):
 garbage-first heap   total 155648K, used 136135K [0x0000000080000000, 0x0000000100000000)
  region size 1024K, 55 young (56320K), 7 survivors (7168K)
 Metaspace       used 68251K, committed 70080K, reserved 1114112K
  class space    used 9365K, committed 10304K, reserved 1048576K
}
Event: 4.743 GC heap after
{Heap after GC invocations=19 (full 0):
 garbage-first heap   total 155648K, used 88891K [0x0000000080000000, 0x0000000100000000)
  region size 1024K, 4 young (4096K), 4 survivors (4096K)
 Metaspace       used 68251K, committed 70080K, reserved 1114112K
  class space    used 9365K, committed 10304K, reserved 1048576K
}
Event: 4.833 GC heap before
{Heap before GC invocations=19 (full 0):
 garbage-first heap   total 155648K, used 124731K [0x0000000080000000, 0x0000000100000000)
  region size 1024K, 41 young (41984K), 4 survivors (4096K)
 Metaspace       used 68359K, committed 70144K, reserved 1114112K
  class space    used 9377K, committed 10304K, reserved 1048576K
}
Event: 4.835 GC heap after
{Heap after GC invocations=20 (full 0):
 garbage-first heap   total 155648K, used 90147K [0x0000000080000000, 0x0000000100000000)
  region size 1024K, 5 young (5120K), 5 survivors (5120K)
 Metaspace       used 68359K, committed 70144K, reserved 1114112K
  class space    used 9377K, committed 10304K, reserved 1048576K
}
Event: 5.126 GC heap before
{Heap before GC invocations=21 (full 0):
 garbage-first heap   total 163840K, used 145443K [0x0000000080000000, 0x0000000100000000)
  region size 1024K, 53 young (54272K), 5 survivors (5120K)
 Metaspace       used 71751K, committed 73600K, reserved 1114112K
  class space    used 9808K, committed 10752K, reserved 1048576K
}
Event: 5.128 GC heap after
{Heap after GC invocations=22 (full 0):
 garbage-first heap   total 163840K, used 102219K [0x0000000080000000, 0x0000000100000000)
  region size 1024K, 7 young (7168K), 7 survivors (7168K)
 Metaspace       used 71751K, committed 73600K, reserved 1114112K
  class space    used 9808K, committed 10752K, reserved 1048576K
}
Event: 5.390 GC heap before
{Heap before GC invocations=22 (full 0):
 garbage-first heap   total 163840K, used 148299K [0x0000000080000000, 0x0000000100000000)
  region size 1024K, 52 young (53248K), 7 survivors (7168K)
 Metaspace       used 76994K, committed 78784K, reserved 1179648K
  class space    used 10372K, committed 11264K, reserved 1048576K
}
Event: 5.394 GC heap after
{Heap after GC invocations=23 (full 0):
 garbage-first heap   total 163840K, used 102745K [0x0000000080000000, 0x0000000100000000)
  region size 1024K, 2 young (2048K), 2 survivors (2048K)
 Metaspace       used 76994K, committed 78784K, reserved 1179648K
  class space    used 10372K, committed 11264K, reserved 1048576K
}
Event: 5.549 GC heap before
{Heap before GC invocations=23 (full 0):
 garbage-first heap   total 163840K, used 121177K [0x0000000080000000, 0x0000000100000000)
  region size 1024K, 21 young (21504K), 2 survivors (2048K)
 Metaspace       used 79742K, committed 81600K, reserved 1179648K
  class space    used 10749K, committed 11712K, reserved 1048576K
}
Event: 5.552 GC heap after
{Heap after GC invocations=24 (full 0):
 garbage-first heap   total 163840K, used 104889K [0x0000000080000000, 0x0000000100000000)
  region size 1024K, 4 young (4096K), 4 survivors (4096K)
 Metaspace       used 79742K, committed 81600K, reserved 1179648K
  class space    used 10749K, committed 11712K, reserved 1048576K
}
Event: 5.792 GC heap before
{Heap before GC invocations=25 (full 0):
 garbage-first heap   total 199680K, used 153017K [0x0000000080000000, 0x0000000100000000)
  region size 1024K, 46 young (47104K), 4 survivors (4096K)
 Metaspace       used 82073K, committed 84032K, reserved 1179648K
  class space    used 11080K, committed 12096K, reserved 1048576K
}
Event: 5.796 GC heap after
{Heap after GC invocations=26 (full 0):
 garbage-first heap   total 199680K, used 109610K [0x0000000080000000, 0x0000000100000000)
  region size 1024K, 6 young (6144K), 6 survivors (6144K)
 Metaspace       used 82073K, committed 84032K, reserved 1179648K
  class space    used 11080K, committed 12096K, reserved 1048576K
}
Event: 6.061 GC heap before
{Heap before GC invocations=26 (full 0):
 garbage-first heap   total 199680K, used 170026K [0x0000000080000000, 0x0000000100000000)
  region size 1024K, 65 young (66560K), 6 survivors (6144K)
 Metaspace       used 84077K, committed 86016K, reserved 1179648K
  class space    used 11344K, committed 12352K, reserved 1048576K
}
Event: 6.066 GC heap after
{Heap after GC invocations=27 (full 0):
 garbage-first heap   total 239616K, used 113463K [0x0000000080000000, 0x0000000100000000)
  region size 1024K, 9 young (9216K), 9 survivors (9216K)
 Metaspace       used 84077K, committed 86016K, reserved 1179648K
  class space    used 11344K, committed 12352K, reserved 1048576K
}
Event: 6.532 GC heap before
{Heap before GC invocations=27 (full 0):
 garbage-first heap   total 239616K, used 194359K [0x0000000080000000, 0x0000000100000000)
  region size 1024K, 87 young (89088K), 9 survivors (9216K)
 Metaspace       used 90193K, committed 92224K, reserved 1179648K
  class space    used 12296K, committed 13312K, reserved 1048576K
}
Event: 6.536 GC heap after
{Heap after GC invocations=28 (full 0):
 garbage-first heap   total 239616K, used 116360K [0x0000000080000000, 0x0000000100000000)
  region size 1024K, 8 young (8192K), 8 survivors (8192K)
 Metaspace       used 90193K, committed 92224K, reserved 1179648K
  class space    used 12296K, committed 13312K, reserved 1048576K
}
Event: 6.906 GC heap before
{Heap before GC invocations=28 (full 0):
 garbage-first heap   total 239616K, used 174728K [0x0000000080000000, 0x0000000100000000)
  region size 1024K, 67 young (68608K), 8 survivors (8192K)
 Metaspace       used 94639K, committed 96704K, reserved 1179648K
  class space    used 12875K, committed 13952K, reserved 1048576K
}
Event: 6.911 GC heap after
{Heap after GC invocations=29 (full 0):
 garbage-first heap   total 239616K, used 123502K [0x0000000080000000, 0x0000000100000000)
  region size 1024K, 10 young (10240K), 10 survivors (10240K)
 Metaspace       used 94639K, committed 96704K, reserved 1179648K
  class space    used 12875K, committed 13952K, reserved 1048576K
}
Event: 7.627 GC heap before
{Heap before GC invocations=30 (full 0):
 garbage-first heap   total 239616K, used 228974K [0x0000000080000000, 0x0000000100000000)
  region size 1024K, 93 young (95232K), 10 survivors (10240K)
 Metaspace       used 105248K, committed 107392K, reserved 1179648K
  class space    used 14179K, committed 15232K, reserved 1048576K
}

