# JRE version: OpenJDK Runtime Environment (21.0.3) (build 21.0.3+-12282718-b509.11)
# Java VM: OpenJDK 64-Bit Server VM (21.0.3+-12282718-b509.11, mixed mode, tiered, compressed oops, compressed class ptrs, g1 gc, windows-amd64)
GC Precious Log:
 CardTable entry size: 512
 Card Set container configuration: InlinePtr #cards 5 size 8 Array Of Cards #cards 12 size 40 Howl #buckets 4 coarsen threshold 1843 Howl Bitmap #cards 512 size 80 coarsen threshold 460 Card regions per heap region 1 cards per card region 2048
 CPUs: 12 total, 12 available
 Memory: 16264M
 Large Page Support: Disabled
 NUMA Support: Disabled
 Compressed Oops: Enabled (32-bit)
 Heap Region Size: 1M
 Heap Min Capacity: 8M
 Heap Initial Capacity: 256M
 Heap Max Capacity: 2G
 Pre-touch: Disabled
 Parallel Workers: 10
 Concurrent Workers: 3
 Concurrent Refinement Workers: 10
 Periodic GC: Disabled
Heap:
 garbage-first heap   total 252928K, used 168997K [0x0000000080000000, 0x0000000100000000)
  region size 1024K, 28 young (28672K), 6 survivors (6144K)
 Metaspace       used 111711K, committed 113920K, reserved 1179648K
  class space    used 15018K, committed 16064K, reserved 1048576K
GC Heap History (20 events):
Event: 4.486 GC heap before
{Heap before GC invocations=21 (full 0):
 garbage-first heap   total 160768K, used 118365K [0x0000000080000000, 0x0000000100000000)
  region size 1024K, 37 young (37888K), 6 survivors (6144K)
 Metaspace       used 67982K, committed 69760K, reserved 1114112K
  class space    used 9371K, committed 10240K, reserved 1048576K
}
Event: 4.490 GC heap after
{Heap after GC invocations=22 (full 0):
 garbage-first heap   total 160768K, used 90713K [0x0000000080000000, 0x0000000100000000)
  region size 1024K, 4 young (4096K), 4 survivors (4096K)
 Metaspace       used 67982K, committed 69760K, reserved 1114112K
  class space    used 9371K, committed 10240K, reserved 1048576K
}
Event: 4.568 GC heap before
{Heap before GC invocations=22 (full 0):
 garbage-first heap   total 160768K, used 141913K [0x0000000080000000, 0x0000000100000000)
  region size 1024K, 55 young (56320K), 4 survivors (4096K)
 Metaspace       used 68280K, committed 70016K, reserved 1114112K
  class space    used 9371K, committed 10240K, reserved 1048576K
}
Event: 4.571 GC heap after
{Heap after GC invocations=23 (full 0):
 garbage-first heap   total 160768K, used 90598K [0x0000000080000000, 0x0000000100000000)
  region size 1024K, 5 young (5120K), 5 survivors (5120K)
 Metaspace       used 68280K, committed 70016K, reserved 1114112K
  class space    used 9371K, committed 10240K, reserved 1048576K
}
Event: 4.654 GC heap before
{Heap before GC invocations=23 (full 0):
 garbage-first heap   total 160768K, used 126438K [0x0000000080000000, 0x0000000100000000)
  region size 1024K, 42 young (43008K), 5 survivors (5120K)
 Metaspace       used 68418K, committed 70144K, reserved 1114112K
  class space    used 9384K, committed 10240K, reserved 1048576K
}
Event: 4.657 GC heap after
{Heap after GC invocations=24 (full 0):
 garbage-first heap   total 207872K, used 91891K [0x0000000080000000, 0x0000000100000000)
  region size 1024K, 5 young (5120K), 5 survivors (5120K)
 Metaspace       used 68418K, committed 70144K, reserved 1114112K
  class space    used 9384K, committed 10240K, reserved 1048576K
}
Event: 5.137 GC heap before
{Heap before GC invocations=25 (full 0):
 garbage-first heap   total 207872K, used 184051K [0x0000000080000000, 0x0000000100000000)
  region size 1024K, 89 young (91136K), 5 survivors (5120K)
 Metaspace       used 76076K, committed 77888K, reserved 1179648K
  class space    used 10213K, committed 11072K, reserved 1048576K
}
Event: 5.141 GC heap after
{Heap after GC invocations=26 (full 0):
 garbage-first heap   total 207872K, used 105224K [0x0000000080000000, 0x0000000100000000)
  region size 1024K, 12 young (12288K), 12 survivors (12288K)
 Metaspace       used 76076K, committed 77888K, reserved 1179648K
  class space    used 10213K, committed 11072K, reserved 1048576K
}
Event: 5.625 GC heap before
{Heap before GC invocations=26 (full 0):
 garbage-first heap   total 207872K, used 188168K [0x0000000080000000, 0x0000000100000000)
  region size 1024K, 88 young (90112K), 12 survivors (12288K)
 Metaspace       used 82579K, committed 84544K, reserved 1179648K
  class space    used 11132K, committed 12096K, reserved 1048576K
}
Event: 5.632 GC heap after
{Heap after GC invocations=27 (full 0):
 garbage-first heap   total 209920K, used 111879K [0x0000000080000000, 0x0000000100000000)
  region size 1024K, 7 young (7168K), 7 survivors (7168K)
 Metaspace       used 82579K, committed 84544K, reserved 1179648K
  class space    used 11132K, committed 12096K, reserved 1048576K
}
Event: 5.977 GC heap before
{Heap before GC invocations=27 (full 0):
 garbage-first heap   total 209920K, used 186631K [0x0000000080000000, 0x0000000100000000)
  region size 1024K, 80 young (81920K), 7 survivors (7168K)
 Metaspace       used 85606K, committed 87552K, reserved 1179648K
  class space    used 11511K, committed 12480K, reserved 1048576K
}
Event: 5.982 GC heap after
{Heap after GC invocations=28 (full 0):
 garbage-first heap   total 209920K, used 116898K [0x0000000080000000, 0x0000000100000000)
  region size 1024K, 6 young (6144K), 6 survivors (6144K)
 Metaspace       used 85606K, committed 87552K, reserved 1179648K
  class space    used 11511K, committed 12480K, reserved 1048576K
}
Event: 6.397 GC heap before
{Heap before GC invocations=29 (full 0):
 garbage-first heap   total 209920K, used 189602K [0x0000000080000000, 0x0000000100000000)
  region size 1024K, 77 young (78848K), 6 survivors (6144K)
 Metaspace       used 91017K, committed 92992K, reserved 1179648K
  class space    used 12456K, committed 13440K, reserved 1048576K
}
Event: 6.400 GC heap after
{Heap after GC invocations=30 (full 0):
 garbage-first heap   total 209920K, used 119712K [0x0000000080000000, 0x0000000100000000)
  region size 1024K, 8 young (8192K), 8 survivors (8192K)
 Metaspace       used 91017K, committed 92992K, reserved 1179648K
  class space    used 12456K, committed 13440K, reserved 1048576K
}
Event: 6.920 GC heap before
{Heap before GC invocations=30 (full 0):
 garbage-first heap   total 209920K, used 208800K [0x0000000080000000, 0x0000000100000000)
  region size 1024K, 77 young (78848K), 8 survivors (8192K)
 Metaspace       used 97786K, committed 99904K, reserved 1179648K
  class space    used 13228K, committed 14272K, reserved 1048576K
}
Event: 6.929 GC heap after
{Heap after GC invocations=31 (full 0):
 garbage-first heap   total 229376K, used 141435K [0x0000000080000000, 0x0000000100000000)
  region size 1024K, 10 young (10240K), 10 survivors (10240K)
 Metaspace       used 97786K, committed 99904K, reserved 1179648K
  class space    used 13228K, committed 14272K, reserved 1048576K
}
Event: 7.152 GC heap before
{Heap before GC invocations=31 (full 0):
 garbage-first heap   total 229376K, used 178299K [0x0000000080000000, 0x0000000100000000)
  region size 1024K, 47 young (48128K), 10 survivors (10240K)
 Metaspace       used 101837K, committed 104000K, reserved 1179648K
  class space    used 13769K, committed 14848K, reserved 1048576K
}
Event: 7.157 GC heap after
{Heap after GC invocations=32 (full 0):
 garbage-first heap   total 229376K, used 145867K [0x0000000080000000, 0x0000000100000000)
  region size 1024K, 4 young (4096K), 4 survivors (4096K)
 Metaspace       used 101837K, committed 104000K, reserved 1179648K
  class space    used 13769K, committed 14848K, reserved 1048576K
}
Event: 7.612 GC heap before
{Heap before GC invocations=33 (full 0):
 garbage-first heap   total 252928K, used 212427K [0x0000000080000000, 0x0000000100000000)
  region size 1024K, 67 young (68608K), 4 survivors (4096K)
 Metaspace       used 109404K, committed 111616K, reserved 1179648K
  class space    used 14760K, committed 15808K, reserved 1048576K
}
Event: 7.616 GC heap after
{Heap after GC invocations=34 (full 0):
 garbage-first heap   total 252928K, used 147493K [0x0000000080000000, 0x0000000100000000)
  region size 1024K, 6 young (6144K), 6 survivors (6144K)
 Metaspace       used 109404K, committed 111616K, reserved 1179648K
  class space    used 14760K, committed 15808K, reserved 1048576K
}

