# JRE version: OpenJDK Runtime Environment (21.0.3) (build 21.0.3+-12282718-b509.11)
# Java VM: OpenJDK 64-Bit Server VM (21.0.3+-12282718-b509.11, mixed mode, tiered, compressed oops, compressed class ptrs, g1 gc, windows-amd64)
GC Precious Log:
 CardTable entry size: 512
 Card Set container configuration: InlinePtr #cards 5 size 8 Array Of Cards #cards 12 size 40 Howl #buckets 4 coarsen threshold 1843 Howl Bitmap #cards 512 size 80 coarsen threshold 460 Card regions per heap region 1 cards per card region 2048
 CPUs: 12 total, 12 available
 Memory: 16264M
 Large Page Support: Disabled
 NUMA Support: Disabled
 Compressed Oops: Enabled (32-bit)
 Heap Region Size: 1M
 Heap Min Capacity: 8M
 Heap Initial Capacity: 256M
 Heap Max Capacity: 2G
 Pre-touch: Disabled
 Parallel Workers: 10
 Concurrent Workers: 3
 Concurrent Refinement Workers: 10
 Periodic GC: Disabled
Heap:
 garbage-first heap   total 317440K, used 228096K [0x0000000080000000, 0x0000000100000000)
  region size 1024K, 66 young (67584K), 17 survivors (17408K)
 Metaspace       used 136321K, committed 138560K, reserved 1179648K
  class space    used 18454K, committed 19584K, reserved 1048576K
GC Heap History (20 events):
Event: 9.870 GC heap before
{Heap before GC invocations=40 (full 0):
 garbage-first heap   total 260096K, used 223189K [0x0000000080000000, 0x0000000100000000)
  region size 1024K, 85 young (87040K), 7 survivors (7168K)
 Metaspace       used 113784K, committed 115904K, reserved 1179648K
  class space    used 15157K, committed 16192K, reserved 1048576K
}
Event: 9.879 GC heap after
{Heap after GC invocations=41 (full 0):
 garbage-first heap   total 260096K, used 146938K [0x0000000080000000, 0x0000000100000000)
  region size 1024K, 11 young (11264K), 11 survivors (11264K)
 Metaspace       used 113784K, committed 115904K, reserved 1179648K
  class space    used 15157K, committed 16192K, reserved 1048576K
}
Event: 10.196 GC heap before
{Heap before GC invocations=41 (full 0):
 garbage-first heap   total 260096K, used 225786K [0x0000000080000000, 0x0000000100000000)
  region size 1024K, 89 young (91136K), 11 survivors (11264K)
 Metaspace       used 115140K, committed 117248K, reserved 1179648K
  class space    used 15300K, committed 16320K, reserved 1048576K
}
Event: 10.201 GC heap after
{Heap after GC invocations=42 (full 0):
 garbage-first heap   total 260096K, used 147199K [0x0000000080000000, 0x0000000100000000)
  region size 1024K, 5 young (5120K), 5 survivors (5120K)
 Metaspace       used 115140K, committed 117248K, reserved 1179648K
  class space    used 15300K, committed 16320K, reserved 1048576K
}
Event: 10.793 GC heap before
{Heap before GC invocations=43 (full 0):
 garbage-first heap   total 260096K, used 219903K [0x0000000080000000, 0x0000000100000000)
  region size 1024K, 87 young (89088K), 5 survivors (5120K)
 Metaspace       used 120552K, committed 122752K, reserved 1179648K
  class space    used 16008K, committed 17088K, reserved 1048576K
}
Event: 10.803 GC heap after
{Heap after GC invocations=44 (full 0):
 garbage-first heap   total 260096K, used 143900K [0x0000000080000000, 0x0000000100000000)
  region size 1024K, 11 young (11264K), 11 survivors (11264K)
 Metaspace       used 120552K, committed 122752K, reserved 1179648K
  class space    used 16008K, committed 17088K, reserved 1048576K
}
Event: 11.415 GC heap before
{Heap before GC invocations=44 (full 0):
 garbage-first heap   total 260096K, used 227868K [0x0000000080000000, 0x0000000100000000)
  region size 1024K, 94 young (96256K), 11 survivors (11264K)
 Metaspace       used 121098K, committed 123200K, reserved 1179648K
  class space    used 16049K, committed 17088K, reserved 1048576K
}
Event: 11.422 GC heap after
{Heap after GC invocations=45 (full 0):
 garbage-first heap   total 260096K, used 124943K [0x0000000080000000, 0x0000000100000000)
  region size 1024K, 5 young (5120K), 5 survivors (5120K)
 Metaspace       used 121098K, committed 123200K, reserved 1179648K
  class space    used 16049K, committed 17088K, reserved 1048576K
}
Event: 11.724 GC heap before
{Heap before GC invocations=45 (full 0):
 garbage-first heap   total 260096K, used 231439K [0x0000000080000000, 0x0000000100000000)
  region size 1024K, 110 young (112640K), 5 survivors (5120K)
 Metaspace       used 122016K, committed 124160K, reserved 1179648K
  class space    used 16168K, committed 17216K, reserved 1048576K
}
Event: 11.729 GC heap after
{Heap after GC invocations=46 (full 0):
 garbage-first heap   total 260096K, used 126248K [0x0000000080000000, 0x0000000100000000)
  region size 1024K, 6 young (6144K), 6 survivors (6144K)
 Metaspace       used 122016K, committed 124160K, reserved 1179648K
  class space    used 16168K, committed 17216K, reserved 1048576K
}
Event: 11.832 GC heap before
{Heap before GC invocations=46 (full 0):
 garbage-first heap   total 260096K, used 228648K [0x0000000080000000, 0x0000000100000000)
  region size 1024K, 107 young (109568K), 6 survivors (6144K)
 Metaspace       used 122613K, committed 124736K, reserved 1179648K
  class space    used 16237K, committed 17280K, reserved 1048576K
}
Event: 11.837 GC heap after
{Heap after GC invocations=47 (full 0):
 garbage-first heap   total 260096K, used 127271K [0x0000000080000000, 0x0000000100000000)
  region size 1024K, 7 young (7168K), 7 survivors (7168K)
 Metaspace       used 122613K, committed 124736K, reserved 1179648K
  class space    used 16237K, committed 17280K, reserved 1048576K
}
Event: 12.029 GC heap before
{Heap before GC invocations=47 (full 0):
 garbage-first heap   total 260096K, used 234791K [0x0000000080000000, 0x0000000100000000)
  region size 1024K, 113 young (115712K), 7 survivors (7168K)
 Metaspace       used 122806K, committed 124928K, reserved 1179648K
  class space    used 16250K, committed 17280K, reserved 1048576K
}
Event: 12.036 GC heap after
{Heap after GC invocations=48 (full 0):
 garbage-first heap   total 312320K, used 131912K [0x0000000080000000, 0x0000000100000000)
  region size 1024K, 12 young (12288K), 12 survivors (12288K)
 Metaspace       used 122806K, committed 124928K, reserved 1179648K
  class space    used 16250K, committed 17280K, reserved 1048576K
}
Event: 12.499 GC heap before
{Heap before GC invocations=49 (full 0):
 garbage-first heap   total 312320K, used 282440K [0x0000000080000000, 0x0000000100000000)
  region size 1024K, 158 young (161792K), 12 survivors (12288K)
 Metaspace       used 127833K, committed 130048K, reserved 1179648K
  class space    used 17045K, committed 18112K, reserved 1048576K
}
Event: 12.506 GC heap after
{Heap after GC invocations=50 (full 0):
 garbage-first heap   total 312320K, used 139421K [0x0000000080000000, 0x0000000100000000)
  region size 1024K, 18 young (18432K), 18 survivors (18432K)
 Metaspace       used 127833K, committed 130048K, reserved 1179648K
  class space    used 17045K, committed 18112K, reserved 1048576K
}
Event: 12.776 GC heap before
{Heap before GC invocations=50 (full 0):
 garbage-first heap   total 312320K, used 273565K [0x0000000080000000, 0x0000000100000000)
  region size 1024K, 150 young (153600K), 18 survivors (18432K)
 Metaspace       used 133180K, committed 135360K, reserved 1179648K
  class space    used 17836K, committed 18880K, reserved 1048576K
}
Event: 12.798 GC heap after
{Heap after GC invocations=51 (full 0):
 garbage-first heap   total 315392K, used 156529K [0x0000000080000000, 0x0000000100000000)
  region size 1024K, 19 young (19456K), 19 survivors (19456K)
 Metaspace       used 133180K, committed 135360K, reserved 1179648K
  class space    used 17836K, committed 18880K, reserved 1048576K
}
Event: 12.940 GC heap before
{Heap before GC invocations=51 (full 0):
 garbage-first heap   total 315392K, used 273265K [0x0000000080000000, 0x0000000100000000)
  region size 1024K, 134 young (137216K), 19 survivors (19456K)
 Metaspace       used 135522K, committed 137664K, reserved 1179648K
  class space    used 18300K, committed 19328K, reserved 1048576K
}
Event: 12.967 GC heap after
{Heap after GC invocations=52 (full 0):
 garbage-first heap   total 317440K, used 179968K [0x0000000080000000, 0x0000000100000000)
  region size 1024K, 17 young (17408K), 17 survivors (17408K)
 Metaspace       used 135522K, committed 137664K, reserved 1179648K
  class space    used 18300K, committed 19328K, reserved 1048576K
}

