# JRE version: OpenJDK Runtime Environment (21.0.3) (build 21.0.3+-12282718-b509.11)
# Java VM: OpenJDK 64-Bit Server VM (21.0.3+-12282718-b509.11, mixed mode, tiered, compressed oops, compressed class ptrs, g1 gc, windows-amd64)
GC Precious Log:
 CardTable entry size: 512
 Card Set container configuration: InlinePtr #cards 5 size 8 Array Of Cards #cards 12 size 40 Howl #buckets 4 coarsen threshold 1843 Howl Bitmap #cards 512 size 80 coarsen threshold 460 Card regions per heap region 1 cards per card region 2048
 CPUs: 12 total, 12 available
 Memory: 16264M
 Large Page Support: Disabled
 NUMA Support: Disabled
 Compressed Oops: Enabled (32-bit)
 Heap Region Size: 1M
 Heap Min Capacity: 8M
 Heap Initial Capacity: 256M
 Heap Max Capacity: 2G
 Pre-touch: Disabled
 Parallel Workers: 10
 Concurrent Workers: 3
 Concurrent Refinement Workers: 10
 Periodic GC: Disabled
Heap:
 garbage-first heap   total 332800K, used 259050K [0x0000000080000000, 0x0000000100000000)
  region size 1024K, 72 young (73728K), 12 survivors (12288K)
 Metaspace       used 140758K, committed 143104K, reserved 1179648K
  class space    used 18854K, committed 20032K, reserved 1048576K
GC Heap History (20 events):
Event: 6.673 GC heap before
{Heap before GC invocations=29 (full 0):
 garbage-first heap   total 203776K, used 182684K [0x0000000080000000, 0x0000000100000000)
  region size 1024K, 70 young (71680K), 6 survivors (6144K)
 Metaspace       used 92343K, committed 94336K, reserved 1179648K
  class space    used 12615K, committed 13632K, reserved 1048576K
}
Event: 6.677 GC heap after
{Heap after GC invocations=30 (full 0):
 garbage-first heap   total 203776K, used 118551K [0x0000000080000000, 0x0000000100000000)
  region size 1024K, 4 young (4096K), 4 survivors (4096K)
 Metaspace       used 92343K, committed 94336K, reserved 1179648K
  class space    used 12615K, committed 13632K, reserved 1048576K
}
Event: 7.206 GC heap before
{Heap before GC invocations=30 (full 0):
 garbage-first heap   total 203776K, used 202519K [0x0000000080000000, 0x0000000100000000)
  region size 1024K, 68 young (69632K), 4 survivors (4096K)
 Metaspace       used 99065K, committed 101248K, reserved 1179648K
  class space    used 13428K, committed 14528K, reserved 1048576K
}
Event: 7.214 GC heap after
{Heap after GC invocations=31 (full 0):
 garbage-first heap   total 219136K, used 141183K [0x0000000080000000, 0x0000000100000000)
  region size 1024K, 9 young (9216K), 9 survivors (9216K)
 Metaspace       used 99065K, committed 101248K, reserved 1179648K
  class space    used 13428K, committed 14528K, reserved 1048576K
}
Event: 7.365 GC heap before
{Heap before GC invocations=31 (full 0):
 garbage-first heap   total 219136K, used 169855K [0x0000000080000000, 0x0000000100000000)
  region size 1024K, 39 young (39936K), 9 survivors (9216K)
 Metaspace       used 101883K, committed 104000K, reserved 1179648K
  class space    used 13777K, committed 14848K, reserved 1048576K
}
Event: 7.370 GC heap after
{Heap after GC invocations=32 (full 0):
 garbage-first heap   total 219136K, used 143771K [0x0000000080000000, 0x0000000100000000)
  region size 1024K, 3 young (3072K), 3 survivors (3072K)
 Metaspace       used 101883K, committed 104000K, reserved 1179648K
  class space    used 13777K, committed 14848K, reserved 1048576K
}
Event: 7.809 GC heap before
{Heap before GC invocations=33 (full 0):
 garbage-first heap   total 250880K, used 203163K [0x0000000080000000, 0x0000000100000000)
  region size 1024K, 59 young (60416K), 3 survivors (3072K)
 Metaspace       used 108907K, committed 111104K, reserved 1179648K
  class space    used 14688K, committed 15808K, reserved 1048576K
}
Event: 7.813 GC heap after
{Heap after GC invocations=34 (full 0):
 garbage-first heap   total 301056K, used 145139K [0x0000000080000000, 0x0000000100000000)
  region size 1024K, 5 young (5120K), 5 survivors (5120K)
 Metaspace       used 108907K, committed 111104K, reserved 1179648K
  class space    used 14688K, committed 15808K, reserved 1048576K
}
Event: 8.491 GC heap before
{Heap before GC invocations=34 (full 0):
 garbage-first heap   total 301056K, used 277235K [0x0000000080000000, 0x0000000100000000)
  region size 1024K, 134 young (137216K), 5 survivors (5120K)
 Metaspace       used 114165K, committed 116288K, reserved 1179648K
  class space    used 15259K, committed 16320K, reserved 1048576K
}
Event: 8.501 GC heap after
{Heap after GC invocations=35 (full 0):
 garbage-first heap   total 301056K, used 154690K [0x0000000080000000, 0x0000000100000000)
  region size 1024K, 15 young (15360K), 15 survivors (15360K)
 Metaspace       used 114165K, committed 116288K, reserved 1179648K
  class space    used 15259K, committed 16320K, reserved 1048576K
}
Event: 43.536 GC heap before
{Heap before GC invocations=35 (full 0):
 garbage-first heap   total 301056K, used 265282K [0x0000000080000000, 0x0000000100000000)
  region size 1024K, 124 young (126976K), 15 survivors (15360K)
 Metaspace       used 123106K, committed 125376K, reserved 1179648K
  class space    used 16178K, committed 17344K, reserved 1048576K
}
Event: 43.547 GC heap after
{Heap after GC invocations=36 (full 0):
 garbage-first heap   total 301056K, used 160923K [0x0000000080000000, 0x0000000100000000)
  region size 1024K, 8 young (8192K), 8 survivors (8192K)
 Metaspace       used 123106K, committed 125376K, reserved 1179648K
  class space    used 16178K, committed 17344K, reserved 1048576K
}
Event: 44.266 GC heap before
{Heap before GC invocations=37 (full 0):
 garbage-first heap   total 301056K, used 270491K [0x0000000080000000, 0x0000000100000000)
  region size 1024K, 116 young (118784K), 8 survivors (8192K)
 Metaspace       used 126861K, committed 129152K, reserved 1179648K
  class space    used 16755K, committed 17920K, reserved 1048576K
}
Event: 44.277 GC heap after
{Heap after GC invocations=38 (full 0):
 garbage-first heap   total 301056K, used 172426K [0x0000000080000000, 0x0000000100000000)
  region size 1024K, 15 young (15360K), 15 survivors (15360K)
 Metaspace       used 126861K, committed 129152K, reserved 1179648K
  class space    used 16755K, committed 17920K, reserved 1048576K
}
Event: 44.650 GC heap before
{Heap before GC invocations=38 (full 0):
 garbage-first heap   total 301056K, used 267658K [0x0000000080000000, 0x0000000100000000)
  region size 1024K, 109 young (111616K), 15 survivors (15360K)
 Metaspace       used 128205K, committed 130560K, reserved 1179648K
  class space    used 16955K, committed 18176K, reserved 1048576K
}
Event: 44.663 GC heap after
{Heap after GC invocations=39 (full 0):
 garbage-first heap   total 301056K, used 176925K [0x0000000080000000, 0x0000000100000000)
  region size 1024K, 7 young (7168K), 7 survivors (7168K)
 Metaspace       used 128205K, committed 130560K, reserved 1179648K
  class space    used 16955K, committed 18176K, reserved 1048576K
}
Event: 44.827 GC heap before
{Heap before GC invocations=39 (full 0):
 garbage-first heap   total 301056K, used 275229K [0x0000000080000000, 0x0000000100000000)
  region size 1024K, 104 young (106496K), 7 survivors (7168K)
 Metaspace       used 132482K, committed 134912K, reserved 1179648K
  class space    used 17546K, committed 18752K, reserved 1048576K
}
Event: 44.834 GC heap after
{Heap after GC invocations=40 (full 0):
 garbage-first heap   total 301056K, used 187392K [0x0000000080000000, 0x0000000100000000)
  region size 1024K, 13 young (13312K), 13 survivors (13312K)
 Metaspace       used 132482K, committed 134912K, reserved 1179648K
  class space    used 17546K, committed 18752K, reserved 1048576K
}
Event: 45.183 GC heap before
{Heap before GC invocations=41 (full 0):
 garbage-first heap   total 332800K, used 269312K [0x0000000080000000, 0x0000000100000000)
  region size 1024K, 94 young (96256K), 13 survivors (13312K)
 Metaspace       used 137868K, committed 140288K, reserved 1179648K
  class space    used 18366K, committed 19584K, reserved 1048576K
}
Event: 45.194 GC heap after
{Heap after GC invocations=42 (full 0):
 garbage-first heap   total 332800K, used 200682K [0x0000000080000000, 0x0000000100000000)
  region size 1024K, 12 young (12288K), 12 survivors (12288K)
 Metaspace       used 137868K, committed 140288K, reserved 1179648K
  class space    used 18366K, committed 19584K, reserved 1048576K
}

