# JRE version: OpenJDK Runtime Environment (21.0.3) (build 21.0.3+-12282718-b509.11)
# Java VM: OpenJDK 64-Bit Server VM (21.0.3+-12282718-b509.11, mixed mode, tiered, compressed oops, compressed class ptrs, g1 gc, windows-amd64)
GC Precious Log:
 CardTable entry size: 512
 Card Set container configuration: InlinePtr #cards 5 size 8 Array Of Cards #cards 12 size 40 Howl #buckets 4 coarsen threshold 1843 Howl Bitmap #cards 512 size 80 coarsen threshold 460 Card regions per heap region 1 cards per card region 2048
 CPUs: 12 total, 12 available
 Memory: 16264M
 Large Page Support: Disabled
 NUMA Support: Disabled
 Compressed Oops: Enabled (32-bit)
 Heap Region Size: 1M
 Heap Min Capacity: 8M
 Heap Initial Capacity: 256M
 Heap Max Capacity: 1G
 Pre-touch: Disabled
 Parallel Workers: 10
 Concurrent Workers: 3
 Concurrent Refinement Workers: 10
 Periodic GC: Disabled
Heap:
 garbage-first heap   total 211968K, used 181697K [0x00000000c0000000, 0x0000000100000000)
  region size 1024K, 59 young (60416K), 3 survivors (3072K)
 Metaspace       used 128586K, committed 130816K, reserved 1179648K
  class space    used 17744K, committed 18880K, reserved 1048576K
GC Heap History (20 events):
Event: 6.946 GC heap before
{Heap before GC invocations=29 (full 0):
 garbage-first heap   total 164864K, used 143910K [0x00000000c0000000, 0x0000000100000000)
  region size 1024K, 67 young (68608K), 7 survivors (7168K)
 Metaspace       used 98420K, committed 100416K, reserved 1179648K
  class space    used 13471K, committed 14464K, reserved 1048576K
}
Event: 6.953 GC heap after
{Heap after GC invocations=30 (full 0):
 garbage-first heap   total 164864K, used 88580K [0x00000000c0000000, 0x0000000100000000)
  region size 1024K, 9 young (9216K), 9 survivors (9216K)
 Metaspace       used 98420K, committed 100416K, reserved 1179648K
  class space    used 13471K, committed 14464K, reserved 1048576K
}
Event: 7.398 GC heap before
{Heap before GC invocations=31 (full 0):
 garbage-first heap   total 164864K, used 150020K [0x00000000c0000000, 0x0000000100000000)
  region size 1024K, 65 young (66560K), 9 survivors (9216K)
 Metaspace       used 102273K, committed 104448K, reserved 1179648K
  class space    used 13881K, committed 14976K, reserved 1048576K
}
Event: 7.408 GC heap after
{Heap after GC invocations=32 (full 0):
 garbage-first heap   total 168960K, used 96512K [0x00000000c0000000, 0x0000000100000000)
  region size 1024K, 9 young (9216K), 9 survivors (9216K)
 Metaspace       used 102273K, committed 104448K, reserved 1179648K
  class space    used 13881K, committed 14976K, reserved 1048576K
}
Event: 7.542 GC heap before
{Heap before GC invocations=32 (full 0):
 garbage-first heap   total 168960K, used 148736K [0x00000000c0000000, 0x0000000100000000)
  region size 1024K, 61 young (62464K), 9 survivors (9216K)
 Metaspace       used 102656K, committed 104768K, reserved 1179648K
  class space    used 13961K, committed 15040K, reserved 1048576K
}
Event: 7.549 GC heap after
{Heap after GC invocations=33 (full 0):
 garbage-first heap   total 168960K, used 99161K [0x00000000c0000000, 0x0000000100000000)
  region size 1024K, 6 young (6144K), 6 survivors (6144K)
 Metaspace       used 102656K, committed 104768K, reserved 1179648K
  class space    used 13961K, committed 15040K, reserved 1048576K
}
Event: 7.704 GC heap before
{Heap before GC invocations=33 (full 0):
 garbage-first heap   total 168960K, used 149337K [0x00000000c0000000, 0x0000000100000000)
  region size 1024K, 56 young (57344K), 6 survivors (6144K)
 Metaspace       used 102890K, committed 104960K, reserved 1179648K
  class space    used 13986K, committed 15040K, reserved 1048576K
}
Event: 7.710 GC heap after
{Heap after GC invocations=34 (full 0):
 garbage-first heap   total 168960K, used 101597K [0x00000000c0000000, 0x0000000100000000)
  region size 1024K, 5 young (5120K), 5 survivors (5120K)
 Metaspace       used 102890K, committed 104960K, reserved 1179648K
  class space    used 13986K, committed 15040K, reserved 1048576K
}
Event: 7.909 GC heap before
{Heap before GC invocations=35 (full 0):
 garbage-first heap   total 181248K, used 150749K [0x00000000c0000000, 0x0000000100000000)
  region size 1024K, 54 young (55296K), 5 survivors (5120K)
 Metaspace       used 103663K, committed 105792K, reserved 1179648K
  class space    used 14114K, committed 15168K, reserved 1048576K
}
Event: 7.912 GC heap after
{Heap after GC invocations=36 (full 0):
 garbage-first heap   total 181248K, used 103985K [0x00000000c0000000, 0x0000000100000000)
  region size 1024K, 5 young (5120K), 5 survivors (5120K)
 Metaspace       used 103663K, committed 105792K, reserved 1179648K
  class space    used 14114K, committed 15168K, reserved 1048576K
}
Event: 8.317 GC heap before
{Heap before GC invocations=36 (full 0):
 garbage-first heap   total 181248K, used 166449K [0x00000000c0000000, 0x0000000100000000)
  region size 1024K, 63 young (64512K), 5 survivors (5120K)
 Metaspace       used 110051K, committed 112128K, reserved 1179648K
  class space    used 14989K, committed 16064K, reserved 1048576K
}
Event: 8.325 GC heap after
{Heap after GC invocations=37 (full 0):
 garbage-first heap   total 182272K, used 112872K [0x00000000c0000000, 0x0000000100000000)
  region size 1024K, 8 young (8192K), 8 survivors (8192K)
 Metaspace       used 110051K, committed 112128K, reserved 1179648K
  class space    used 14989K, committed 16064K, reserved 1048576K
}
Event: 8.368 GC heap before
{Heap before GC invocations=37 (full 0):
 garbage-first heap   total 182272K, used 114920K [0x00000000c0000000, 0x0000000100000000)
  region size 1024K, 12 young (12288K), 8 survivors (8192K)
 Metaspace       used 110886K, committed 113024K, reserved 1179648K
  class space    used 15071K, committed 16128K, reserved 1048576K
}
Event: 8.371 GC heap after
{Heap after GC invocations=38 (full 0):
 garbage-first heap   total 182272K, used 114507K [0x00000000c0000000, 0x0000000100000000)
  region size 1024K, 2 young (2048K), 2 survivors (2048K)
 Metaspace       used 110886K, committed 113024K, reserved 1179648K
  class space    used 15071K, committed 16128K, reserved 1048576K
}
Event: 8.893 GC heap before
{Heap before GC invocations=39 (full 0):
 garbage-first heap   total 211968K, used 167755K [0x00000000c0000000, 0x0000000100000000)
  region size 1024K, 53 young (54272K), 2 survivors (2048K)
 Metaspace       used 112871K, committed 115072K, reserved 1179648K
  class space    used 15345K, committed 16448K, reserved 1048576K
}
Event: 8.899 GC heap after
{Heap after GC invocations=40 (full 0):
 garbage-first heap   total 211968K, used 120761K [0x00000000c0000000, 0x0000000100000000)
  region size 1024K, 7 young (7168K), 7 survivors (7168K)
 Metaspace       used 112871K, committed 115072K, reserved 1179648K
  class space    used 15345K, committed 16448K, reserved 1048576K
}
Event: 9.105 GC heap before
{Heap before GC invocations=40 (full 0):
 garbage-first heap   total 211968K, used 190393K [0x00000000c0000000, 0x0000000100000000)
  region size 1024K, 76 young (77824K), 7 survivors (7168K)
 Metaspace       used 113582K, committed 115776K, reserved 1179648K
  class space    used 15455K, committed 16512K, reserved 1048576K
}
Event: 9.111 GC heap after
{Heap after GC invocations=41 (full 0):
 garbage-first heap   total 211968K, used 125123K [0x00000000c0000000, 0x0000000100000000)
  region size 1024K, 6 young (6144K), 6 survivors (6144K)
 Metaspace       used 113582K, committed 115776K, reserved 1179648K
  class space    used 15455K, committed 16512K, reserved 1048576K
}
Event: 9.544 GC heap before
{Heap before GC invocations=41 (full 0):
 garbage-first heap   total 211968K, used 191683K [0x00000000c0000000, 0x0000000100000000)
  region size 1024K, 72 young (73728K), 6 survivors (6144K)
 Metaspace       used 122473K, committed 124608K, reserved 1179648K
  class space    used 16684K, committed 17728K, reserved 1048576K
}
Event: 9.548 GC heap after
{Heap after GC invocations=42 (full 0):
 garbage-first heap   total 211968K, used 126401K [0x00000000c0000000, 0x0000000100000000)
  region size 1024K, 3 young (3072K), 3 survivors (3072K)
 Metaspace       used 122473K, committed 124608K, reserved 1179648K
  class space    used 16684K, committed 17728K, reserved 1048576K
}

